#
# There is insufficient memory for the Java Runtime Environment to continue.
# Native memory allocation (malloc) failed to allocate 1860336 bytes for Chunk::new
# Possible reasons:
#   The system is out of physical RAM or swap space
#   The process is running with CompressedOops enabled, and the Java Heap may be blocking the growth of the native heap
# Possible solutions:
#   Reduce memory load on the system
#   Increase physical memory or swap space
#   Check if swap backing store is full
#   Decrease Java heap size (-Xmx/-Xms)
#   Decrease number of Java threads
#   Decrease Java thread stack sizes (-Xss)
#   Set larger code cache with -XX:ReservedCodeCacheSize=
#   JVM is running with Unscaled Compressed Oops mode in which the Java heap is
#     placed in the first 4GB address space. The Java Heap base address is the
#     maximum limit for the native heap growth. Please use -XX:HeapBaseMinAddress
#     to set the Java Heap base and to place the Java Heap above 4GB virtual address.
# This output file may be truncated or incomplete.
#
#  Out of Memory Error (./open/src/hotspot/share/memory/arena.cpp:197), pid=2332, tid=8612
#
# JRE version: Java(TM) SE Runtime Environment 18.9 (11.0.10+8) (build 11.0.10+8-LTS-162)
# Java VM: Java HotSpot(TM) 64-Bit Server VM 18.9 (11.0.10+8-LTS-162, mixed mode, tiered, compressed oops, g1 gc, windows-amd64)
# No core dump will be written. Minidumps are not enabled by default on client versions of Windows
#

---------------  S U M M A R Y ------------

Command Line: -Dfile.encoding=UTF-8 com.form.org.SpringProjetApplication

Host: Intel(R) Core(TM) i5-6200U CPU @ 2.30GHz, 4 cores, 7G,  Windows 10 , 64 bit Build 19041 (10.0.19041.928)
Time: Mon May 31 19:34:58 2021 Paris, Madrid (heure d’été) elapsed time: 40.238295 seconds (0d 0h 0m 40s)

---------------  T H R E A D  ---------------

Current thread (0x00000141f04b1000):  JavaThread "C2 CompilerThread0" daemon [_thread_in_native, id=8612, stack(0x00000018d2000000,0x00000018d2100000)]


Current CompileTask:
C2:  40238 7484       4       jdk.internal.loader.BuiltinClassLoader::defineClass (121 bytes)

Stack: [0x00000018d2000000,0x00000018d2100000]
Native frames: (J=compiled Java code, j=interpreted, Vv=VM code, C=native code)
V  [jvm.dll+0x613e6a]
V  [jvm.dll+0x74c1ff]
V  [jvm.dll+0x74d885]
V  [jvm.dll+0x74df03]
V  [jvm.dll+0x243b78]
V  [jvm.dll+0xba2cc]
V  [jvm.dll+0xba9cc]
V  [jvm.dll+0x3469c7]
V  [jvm.dll+0x194251]
V  [jvm.dll+0x1fd4a2]
V  [jvm.dll+0x1fc54f]
V  [jvm.dll+0x17f09c]
V  [jvm.dll+0x20bbd4]
V  [jvm.dll+0x209cab]
V  [jvm.dll+0x713619]
V  [jvm.dll+0x70c314]
V  [jvm.dll+0x613036]
C  [ucrtbase.dll+0x21bb2]
C  [KERNEL32.DLL+0x17034]
C  [ntdll.dll+0x52651]


---------------  P R O C E S S  ---------------

Threads class SMR info:
_java_thread_list=0x00000141f8433460, length=28, elements={
0x00000141f04aa800, 0x00000141f04a2800, 0x00000141f0e52800, 0x00000141f0e53000,
0x00000141f04b1000, 0x00000141f0e76800, 0x00000141f0e9a000, 0x00000141f0f8d000,
0x00000141f0f8e000, 0x00000141f4bb4000, 0x00000141f3dcf800, 0x00000141f59bd800,
0x00000141f4c11800, 0x00000141f287d800, 0x00000141f5725800, 0x00000141f3fef000,
0x00000141f221d000, 0x00000141f4f76000, 0x00000141f5673800, 0x00000141f77d9000,
0x00000141f77d8000, 0x00000141f77da000, 0x00000141f77da800, 0x00000141f19fb000,
0x00000141f19fc000, 0x00000141f19fd800, 0x00000141f19fc800, 0x00000141f19fe000
}

Java Threads: ( => current thread )
  0x00000141f04aa800 JavaThread "Reference Handler" daemon [_thread_blocked, id=2700, stack(0x00000018d1c00000,0x00000018d1d00000)]
  0x00000141f04a2800 JavaThread "Finalizer" daemon [_thread_blocked, id=6304, stack(0x00000018d1d00000,0x00000018d1e00000)]
  0x00000141f0e52800 JavaThread "Signal Dispatcher" daemon [_thread_blocked, id=2556, stack(0x00000018d1e00000,0x00000018d1f00000)]
  0x00000141f0e53000 JavaThread "Attach Listener" daemon [_thread_blocked, id=10408, stack(0x00000018d1f00000,0x00000018d2000000)]
=>0x00000141f04b1000 JavaThread "C2 CompilerThread0" daemon [_thread_in_native, id=8612, stack(0x00000018d2000000,0x00000018d2100000)]
  0x00000141f0e76800 JavaThread "C1 CompilerThread0" daemon [_thread_blocked, id=12192, stack(0x00000018d2100000,0x00000018d2200000)]
  0x00000141f0e9a000 JavaThread "Sweeper thread" daemon [_thread_blocked, id=1176, stack(0x00000018d2200000,0x00000018d2300000)]
  0x00000141f0f8d000 JavaThread "Service Thread" daemon [_thread_blocked, id=6524, stack(0x00000018d2300000,0x00000018d2400000)]
  0x00000141f0f8e000 JavaThread "Common-Cleaner" daemon [_thread_blocked, id=10464, stack(0x00000018d2600000,0x00000018d2700000)]
  0x00000141f4bb4000 JavaThread "mysql-cj-abandoned-connection-cleanup" daemon [_thread_blocked, id=8064, stack(0x00000018d2800000,0x00000018d2900000)]
  0x00000141f3dcf800 JavaThread "HikariPool-1 housekeeper" daemon [_thread_blocked, id=5704, stack(0x00000018d2c00000,0x00000018d2d00000)]
  0x00000141f59bd800 JavaThread "Catalina-utility-1" [_thread_blocked, id=8464, stack(0x00000018d2e00000,0x00000018d2f00000)]
  0x00000141f4c11800 JavaThread "Catalina-utility-2" [_thread_blocked, id=1732, stack(0x00000018d2f00000,0x00000018d3000000)]
  0x00000141f287d800 JavaThread "container-0" [_thread_blocked, id=8080, stack(0x00000018d3000000,0x00000018d3100000)]
  0x00000141f5725800 JavaThread "http-nio-8080-BlockPoller" daemon [_thread_in_native, id=5976, stack(0x00000018d2d00000,0x00000018d2e00000)]
  0x00000141f3fef000 JavaThread "http-nio-8080-exec-1" daemon [_thread_blocked, id=11640, stack(0x00000018d3100000,0x00000018d3200000)]
  0x00000141f221d000 JavaThread "http-nio-8080-exec-2" daemon [_thread_blocked, id=1300, stack(0x00000018d3200000,0x00000018d3300000)]
  0x00000141f4f76000 JavaThread "http-nio-8080-exec-3" daemon [_thread_blocked, id=2572, stack(0x00000018d3300000,0x00000018d3400000)]
  0x00000141f5673800 JavaThread "http-nio-8080-exec-4" daemon [_thread_in_native, id=4504, stack(0x00000018d3400000,0x00000018d3500000)]
  0x00000141f77d9000 JavaThread "http-nio-8080-exec-5" daemon [_thread_blocked, id=2932, stack(0x00000018d3500000,0x00000018d3600000)]
  0x00000141f77d8000 JavaThread "http-nio-8080-exec-6" daemon [_thread_blocked, id=11008, stack(0x00000018d3600000,0x00000018d3700000)]
  0x00000141f77da000 JavaThread "http-nio-8080-exec-7" daemon [_thread_blocked, id=11684, stack(0x00000018d3700000,0x00000018d3800000)]
  0x00000141f77da800 JavaThread "http-nio-8080-exec-8" daemon [_thread_blocked, id=12824, stack(0x00000018d3800000,0x00000018d3900000)]
  0x00000141f19fb000 JavaThread "http-nio-8080-exec-9" daemon [_thread_blocked, id=12236, stack(0x00000018d3900000,0x00000018d3a00000)]
  0x00000141f19fc000 JavaThread "http-nio-8080-exec-10" daemon [_thread_blocked, id=9448, stack(0x00000018d3a00000,0x00000018d3b00000)]
  0x00000141f19fd800 JavaThread "http-nio-8080-ClientPoller" daemon [_thread_in_native, id=10928, stack(0x00000018d3b00000,0x00000018d3c00000)]
  0x00000141f19fc800 JavaThread "http-nio-8080-Acceptor" daemon [_thread_in_native, id=12704, stack(0x00000018d3c00000,0x00000018d3d00000)]
  0x00000141f19fe000 JavaThread "DestroyJavaVM" [_thread_blocked, id=7020, stack(0x00000018d1500000,0x00000018d1600000)]

Other Threads:
  0x00000141f0476000 VMThread "VM Thread" [stack: 0x00000018d1b00000,0x00000018d1c00000] [id=11568]
  0x00000141f0f91800 WatcherThread [stack: 0x00000018d2400000,0x00000018d2500000] [id=12352]
  0x00000141d1fbc800 GCTaskThread "GC Thread#0" [stack: 0x00000018d1600000,0x00000018d1700000] [id=11316]
  0x00000141f1906800 GCTaskThread "GC Thread#1" [stack: 0x00000018d2500000,0x00000018d2600000] [id=12036]
  0x00000141f18d7000 GCTaskThread "GC Thread#2" [stack: 0x00000018d2700000,0x00000018d2800000] [id=7508]
  0x00000141f1f06800 GCTaskThread "GC Thread#3" [stack: 0x00000018d2900000,0x00000018d2a00000] [id=9992]
  0x00000141d1fea000 ConcurrentGCThread "G1 Main Marker" [stack: 0x00000018d1700000,0x00000018d1800000] [id=12732]
  0x00000141d1fec000 ConcurrentGCThread "G1 Conc#0" [stack: 0x00000018d1800000,0x00000018d1900000] [id=9496]
  0x00000141d207b000 ConcurrentGCThread "G1 Refine#0" [stack: 0x00000018d1900000,0x00000018d1a00000] [id=7728]
  0x00000141d207d000 ConcurrentGCThread "G1 Young RemSet Sampling" [stack: 0x00000018d1a00000,0x00000018d1b00000] [id=8504]

Threads with active compile tasks:
C2 CompilerThread0  40363 7484       4       jdk.internal.loader.BuiltinClassLoader::defineClass (121 bytes)

VM state:not at safepoint (normal execution)

VM Mutex/Monitor currently owned by a thread: None

Heap address: 0x0000000081200000, size: 2030 MB, Compressed Oops mode: 32-bit
Narrow klass base: 0x0000000000000000, Narrow klass shift: 3
Compressed class space size: 1073741824 Address: 0x0000000100000000

Heap:
 garbage-first heap   total 157696K, used 59590K [0x0000000081200000, 0x0000000100000000)
  region size 1024K, 37 young (37888K), 10 survivors (10240K)
 Metaspace       used 72614K, capacity 74370K, committed 74624K, reserved 1114112K
  class space    used 9078K, capacity 9762K, committed 9856K, reserved 1048576K
Heap Regions: E=young(eden), S=young(survivor), O=old, HS=humongous(starts), HC=humongous(continues), CS=collection set, F=free, A=archive, TAMS=top-at-mark-start (previous, next)
|   0|0x0000000081200000, 0x0000000081300000, 0x0000000081300000|100%|HS|  |TAMS 0x0000000081300000, 0x0000000081200000| Complete 
|   1|0x0000000081300000, 0x0000000081400000, 0x0000000081400000|100%| O|  |TAMS 0x0000000081400000, 0x0000000081300000| Untracked 
|   2|0x0000000081400000, 0x0000000081500000, 0x0000000081500000|100%| O|  |TAMS 0x0000000081500000, 0x0000000081400000| Untracked 
|   3|0x0000000081500000, 0x0000000081600000, 0x0000000081600000|100%| O|  |TAMS 0x0000000081600000, 0x0000000081500000| Untracked 
|   4|0x0000000081600000, 0x0000000081700000, 0x0000000081700000|100%| O|  |TAMS 0x0000000081700000, 0x0000000081600000| Untracked 
|   5|0x0000000081700000, 0x0000000081800000, 0x0000000081800000|100%| O|  |TAMS 0x0000000081800000, 0x0000000081700000| Untracked 
|   6|0x0000000081800000, 0x0000000081900000, 0x0000000081900000|100%| O|  |TAMS 0x0000000081900000, 0x0000000081800000| Untracked 
|   7|0x0000000081900000, 0x0000000081a00000, 0x0000000081a00000|100%| O|  |TAMS 0x0000000081a00000, 0x0000000081900000| Untracked 
|   8|0x0000000081a00000, 0x0000000081b00000, 0x0000000081b00000|100%| O|  |TAMS 0x0000000081b00000, 0x0000000081a00000| Untracked 
|   9|0x0000000081b00000, 0x0000000081c00000, 0x0000000081c00000|100%| O|  |TAMS 0x0000000081c00000, 0x0000000081b00000| Untracked 
|  10|0x0000000081c00000, 0x0000000081d00000, 0x0000000081d00000|100%| O|  |TAMS 0x0000000081d00000, 0x0000000081c00000| Untracked 
|  11|0x0000000081d00000, 0x0000000081e00000, 0x0000000081e00000|100%| O|  |TAMS 0x0000000081e00000, 0x0000000081d00000| Untracked 
|  12|0x0000000081e00000, 0x0000000081f00000, 0x0000000081f00000|100%| O|  |TAMS 0x0000000081f00000, 0x0000000081e00000| Untracked 
|  13|0x0000000081f00000, 0x0000000082000000, 0x0000000082000000|100%| O|  |TAMS 0x0000000082000000, 0x0000000081f00000| Untracked 
|  14|0x0000000082000000, 0x0000000082100000, 0x0000000082100000|100%| O|  |TAMS 0x0000000082100000, 0x0000000082000000| Untracked 
|  15|0x0000000082100000, 0x0000000082200000, 0x0000000082200000|100%| O|  |TAMS 0x0000000082200000, 0x0000000082100000| Untracked 
|  16|0x0000000082200000, 0x0000000082300000, 0x0000000082300000|100%| O|  |TAMS 0x0000000082300000, 0x0000000082200000| Untracked 
|  17|0x0000000082300000, 0x0000000082400000, 0x0000000082400000|100%| O|  |TAMS 0x00000000823a2200, 0x0000000082300000| Untracked 
|  18|0x0000000082400000, 0x0000000082500000, 0x0000000082500000|100%| O|  |TAMS 0x0000000082400000, 0x0000000082400000| Untracked 
|  19|0x0000000082500000, 0x0000000082600000, 0x0000000082600000|100%| O|  |TAMS 0x0000000082500000, 0x0000000082500000| Untracked 
|  20|0x0000000082600000, 0x0000000082700000, 0x0000000082700000|100%| O|  |TAMS 0x0000000082600000, 0x0000000082600000| Untracked 
|  21|0x0000000082700000, 0x0000000082800000, 0x0000000082800000|100%| O|  |TAMS 0x0000000082700000, 0x0000000082700000| Untracked 
|  22|0x0000000082800000, 0x00000000828f4e00, 0x0000000082900000| 95%| O|  |TAMS 0x0000000082800000, 0x0000000082800000| Untracked 
|  23|0x0000000082900000, 0x0000000082900000, 0x0000000082a00000|  0%| F|  |TAMS 0x0000000082900000, 0x0000000082900000| Untracked 
|  24|0x0000000082a00000, 0x0000000082a00000, 0x0000000082b00000|  0%| F|  |TAMS 0x0000000082a00000, 0x0000000082a00000| Untracked 
|  25|0x0000000082b00000, 0x0000000082b00000, 0x0000000082c00000|  0%| F|  |TAMS 0x0000000082b00000, 0x0000000082b00000| Untracked 
|  26|0x0000000082c00000, 0x0000000082c00000, 0x0000000082d00000|  0%| F|  |TAMS 0x0000000082c00000, 0x0000000082c00000| Untracked 
|  27|0x0000000082d00000, 0x0000000082d00000, 0x0000000082e00000|  0%| F|  |TAMS 0x0000000082d00000, 0x0000000082d00000| Untracked 
|  28|0x0000000082e00000, 0x0000000082e00000, 0x0000000082f00000|  0%| F|  |TAMS 0x0000000082e00000, 0x0000000082e00000| Untracked 
|  29|0x0000000082f00000, 0x0000000082f00000, 0x0000000083000000|  0%| F|  |TAMS 0x0000000082f00000, 0x0000000082f00000| Untracked 
|  30|0x0000000083000000, 0x0000000083000000, 0x0000000083100000|  0%| F|  |TAMS 0x0000000083000000, 0x0000000083000000| Untracked 
|  31|0x0000000083100000, 0x0000000083100000, 0x0000000083200000|  0%| F|  |TAMS 0x0000000083100000, 0x0000000083100000| Untracked 
|  32|0x0000000083200000, 0x0000000083200000, 0x0000000083300000|  0%| F|  |TAMS 0x0000000083200000, 0x0000000083200000| Untracked 
|  33|0x0000000083300000, 0x0000000083300000, 0x0000000083400000|  0%| F|  |TAMS 0x0000000083300000, 0x0000000083300000| Untracked 
|  34|0x0000000083400000, 0x0000000083400000, 0x0000000083500000|  0%| F|  |TAMS 0x0000000083400000, 0x0000000083400000| Untracked 
|  35|0x0000000083500000, 0x0000000083500000, 0x0000000083600000|  0%| F|  |TAMS 0x0000000083500000, 0x0000000083500000| Untracked 
|  36|0x0000000083600000, 0x0000000083600000, 0x0000000083700000|  0%| F|  |TAMS 0x0000000083600000, 0x0000000083600000| Untracked 
|  37|0x0000000083700000, 0x0000000083700000, 0x0000000083800000|  0%| F|  |TAMS 0x0000000083700000, 0x0000000083700000| Untracked 
|  38|0x0000000083800000, 0x0000000083800000, 0x0000000083900000|  0%| F|  |TAMS 0x0000000083800000, 0x0000000083800000| Untracked 
|  39|0x0000000083900000, 0x0000000083900000, 0x0000000083a00000|  0%| F|  |TAMS 0x0000000083900000, 0x0000000083900000| Untracked 
|  40|0x0000000083a00000, 0x0000000083a00000, 0x0000000083b00000|  0%| F|  |TAMS 0x0000000083a00000, 0x0000000083a00000| Untracked 
|  41|0x0000000083b00000, 0x0000000083b00000, 0x0000000083c00000|  0%| F|  |TAMS 0x0000000083b00000, 0x0000000083b00000| Untracked 
|  42|0x0000000083c00000, 0x0000000083c00000, 0x0000000083d00000|  0%| F|  |TAMS 0x0000000083c00000, 0x0000000083c00000| Untracked 
|  43|0x0000000083d00000, 0x0000000083d00000, 0x0000000083e00000|  0%| F|  |TAMS 0x0000000083d00000, 0x0000000083d00000| Untracked 
|  44|0x0000000083e00000, 0x0000000083e00000, 0x0000000083f00000|  0%| F|  |TAMS 0x0000000083e00000, 0x0000000083e00000| Untracked 
|  45|0x0000000083f00000, 0x0000000083f00000, 0x0000000084000000|  0%| F|  |TAMS 0x0000000083f00000, 0x0000000083f00000| Untracked 
|  46|0x0000000084000000, 0x0000000084000000, 0x0000000084100000|  0%| F|  |TAMS 0x0000000084000000, 0x0000000084000000| Untracked 
|  47|0x0000000084100000, 0x0000000084100000, 0x0000000084200000|  0%| F|  |TAMS 0x0000000084100000, 0x0000000084100000| Untracked 
|  48|0x0000000084200000, 0x0000000084200000, 0x0000000084300000|  0%| F|  |TAMS 0x0000000084200000, 0x0000000084200000| Untracked 
|  49|0x0000000084300000, 0x0000000084300000, 0x0000000084400000|  0%| F|  |TAMS 0x0000000084300000, 0x0000000084300000| Untracked 
|  50|0x0000000084400000, 0x0000000084400000, 0x0000000084500000|  0%| F|  |TAMS 0x0000000084400000, 0x0000000084400000| Untracked 
|  51|0x0000000084500000, 0x0000000084500000, 0x0000000084600000|  0%| F|  |TAMS 0x0000000084500000, 0x0000000084500000| Untracked 
|  52|0x0000000084600000, 0x0000000084600000, 0x0000000084700000|  0%| F|  |TAMS 0x0000000084600000, 0x0000000084600000| Untracked 
|  53|0x0000000084700000, 0x0000000084700000, 0x0000000084800000|  0%| F|  |TAMS 0x0000000084700000, 0x0000000084700000| Untracked 
|  54|0x0000000084800000, 0x0000000084800000, 0x0000000084900000|  0%| F|  |TAMS 0x0000000084800000, 0x0000000084800000| Untracked 
|  55|0x0000000084900000, 0x0000000084900000, 0x0000000084a00000|  0%| F|  |TAMS 0x0000000084900000, 0x0000000084900000| Untracked 
|  56|0x0000000084a00000, 0x0000000084a00000, 0x0000000084b00000|  0%| F|  |TAMS 0x0000000084a00000, 0x0000000084a00000| Untracked 
|  57|0x0000000084b00000, 0x0000000084b00000, 0x0000000084c00000|  0%| F|  |TAMS 0x0000000084b00000, 0x0000000084b00000| Untracked 
|  58|0x0000000084c00000, 0x0000000084c00000, 0x0000000084d00000|  0%| F|  |TAMS 0x0000000084c00000, 0x0000000084c00000| Untracked 
|  59|0x0000000084d00000, 0x0000000084d00000, 0x0000000084e00000|  0%| F|  |TAMS 0x0000000084d00000, 0x0000000084d00000| Untracked 
|  60|0x0000000084e00000, 0x0000000084e00000, 0x0000000084f00000|  0%| F|  |TAMS 0x0000000084e00000, 0x0000000084e00000| Untracked 
|  61|0x0000000084f00000, 0x0000000084f00000, 0x0000000085000000|  0%| F|  |TAMS 0x0000000084f00000, 0x0000000084f00000| Untracked 
|  62|0x0000000085000000, 0x0000000085000000, 0x0000000085100000|  0%| F|  |TAMS 0x0000000085000000, 0x0000000085000000| Untracked 
|  63|0x0000000085100000, 0x0000000085100000, 0x0000000085200000|  0%| F|  |TAMS 0x0000000085100000, 0x0000000085100000| Untracked 
|  64|0x0000000085200000, 0x000000008523ca18, 0x0000000085300000| 23%| S|CS|TAMS 0x0000000085200000, 0x0000000085200000| Complete 
|  65|0x0000000085300000, 0x0000000085400000, 0x0000000085400000|100%| S|CS|TAMS 0x0000000085300000, 0x0000000085300000| Complete 
|  66|0x0000000085400000, 0x0000000085500000, 0x0000000085500000|100%| S|CS|TAMS 0x0000000085400000, 0x0000000085400000| Complete 
|  67|0x0000000085500000, 0x0000000085600000, 0x0000000085600000|100%| S|CS|TAMS 0x0000000085500000, 0x0000000085500000| Complete 
|  68|0x0000000085600000, 0x0000000085700000, 0x0000000085700000|100%| S|CS|TAMS 0x0000000085600000, 0x0000000085600000| Complete 
|  69|0x0000000085700000, 0x0000000085700000, 0x0000000085800000|  0%| F|  |TAMS 0x0000000085700000, 0x0000000085700000| Untracked 
|  70|0x0000000085800000, 0x0000000085800000, 0x0000000085900000|  0%| F|  |TAMS 0x0000000085800000, 0x0000000085800000| Untracked 
|  71|0x0000000085900000, 0x0000000085900000, 0x0000000085a00000|  0%| F|  |TAMS 0x0000000085900000, 0x0000000085900000| Untracked 
|  72|0x0000000085a00000, 0x0000000085a00000, 0x0000000085b00000|  0%| F|  |TAMS 0x0000000085a00000, 0x0000000085a00000| Untracked 
|  73|0x0000000085b00000, 0x0000000085b00000, 0x0000000085c00000|  0%| F|  |TAMS 0x0000000085b00000, 0x0000000085b00000| Untracked 
|  74|0x0000000085c00000, 0x0000000085d00000, 0x0000000085d00000|100%| S|CS|TAMS 0x0000000085c00000, 0x0000000085c00000| Complete 
|  75|0x0000000085d00000, 0x0000000085e00000, 0x0000000085e00000|100%| S|CS|TAMS 0x0000000085d00000, 0x0000000085d00000| Complete 
|  76|0x0000000085e00000, 0x0000000085f00000, 0x0000000085f00000|100%| S|CS|TAMS 0x0000000085e00000, 0x0000000085e00000| Complete 
|  77|0x0000000085f00000, 0x0000000086000000, 0x0000000086000000|100%| S|CS|TAMS 0x0000000085f00000, 0x0000000085f00000| Complete 
|  78|0x0000000086000000, 0x0000000086100000, 0x0000000086100000|100%| S|CS|TAMS 0x0000000086000000, 0x0000000086000000| Complete 
|  79|0x0000000086100000, 0x0000000086100000, 0x0000000086200000|  0%| F|  |TAMS 0x0000000086100000, 0x0000000086100000| Untracked 
|  80|0x0000000086200000, 0x0000000086200000, 0x0000000086300000|  0%| F|  |TAMS 0x0000000086200000, 0x0000000086200000| Untracked 
|  81|0x0000000086300000, 0x0000000086300000, 0x0000000086400000|  0%| F|  |TAMS 0x0000000086300000, 0x0000000086300000| Untracked 
|  82|0x0000000086400000, 0x0000000086400000, 0x0000000086500000|  0%| F|  |TAMS 0x0000000086400000, 0x0000000086400000| Untracked 
|  83|0x0000000086500000, 0x0000000086500000, 0x0000000086600000|  0%| F|  |TAMS 0x0000000086500000, 0x0000000086500000| Untracked 
|  84|0x0000000086600000, 0x0000000086600000, 0x0000000086700000|  0%| F|  |TAMS 0x0000000086600000, 0x0000000086600000| Untracked 
|  85|0x0000000086700000, 0x0000000086700000, 0x0000000086800000|  0%| F|  |TAMS 0x0000000086700000, 0x0000000086700000| Untracked 
|  86|0x0000000086800000, 0x0000000086800000, 0x0000000086900000|  0%| F|  |TAMS 0x0000000086800000, 0x0000000086800000| Untracked 
|  87|0x0000000086900000, 0x0000000086900000, 0x0000000086a00000|  0%| F|  |TAMS 0x0000000086900000, 0x0000000086900000| Untracked 
|  88|0x0000000086a00000, 0x0000000086a00000, 0x0000000086b00000|  0%| F|  |TAMS 0x0000000086a00000, 0x0000000086a00000| Untracked 
|  89|0x0000000086b00000, 0x0000000086b00000, 0x0000000086c00000|  0%| F|  |TAMS 0x0000000086b00000, 0x0000000086b00000| Untracked 
|  90|0x0000000086c00000, 0x0000000086c00000, 0x0000000086d00000|  0%| F|  |TAMS 0x0000000086c00000, 0x0000000086c00000| Untracked 
|  91|0x0000000086d00000, 0x0000000086d00000, 0x0000000086e00000|  0%| F|  |TAMS 0x0000000086d00000, 0x0000000086d00000| Untracked 
|  92|0x0000000086e00000, 0x0000000086e00000, 0x0000000086f00000|  0%| F|  |TAMS 0x0000000086e00000, 0x0000000086e00000| Untracked 
|  93|0x0000000086f00000, 0x0000000086f00000, 0x0000000087000000|  0%| F|  |TAMS 0x0000000086f00000, 0x0000000086f00000| Untracked 
|  94|0x0000000087000000, 0x0000000087000000, 0x0000000087100000|  0%| F|  |TAMS 0x0000000087000000, 0x0000000087000000| Untracked 
|  95|0x0000000087100000, 0x0000000087100000, 0x0000000087200000|  0%| F|  |TAMS 0x0000000087100000, 0x0000000087100000| Untracked 
|  96|0x0000000087200000, 0x0000000087200000, 0x0000000087300000|  0%| F|  |TAMS 0x0000000087200000, 0x0000000087200000| Untracked 
|  97|0x0000000087300000, 0x0000000087300000, 0x0000000087400000|  0%| F|  |TAMS 0x0000000087300000, 0x0000000087300000| Untracked 
|  98|0x0000000087400000, 0x0000000087400000, 0x0000000087500000|  0%| F|  |TAMS 0x0000000087400000, 0x0000000087400000| Untracked 
|  99|0x0000000087500000, 0x0000000087500000, 0x0000000087600000|  0%| F|  |TAMS 0x0000000087500000, 0x0000000087500000| Untracked 
| 100|0x0000000087600000, 0x0000000087600000, 0x0000000087700000|  0%| F|  |TAMS 0x0000000087600000, 0x0000000087600000| Untracked 
| 101|0x0000000087700000, 0x0000000087700000, 0x0000000087800000|  0%| F|  |TAMS 0x0000000087700000, 0x0000000087700000| Untracked 
| 102|0x0000000087800000, 0x0000000087800000, 0x0000000087900000|  0%| F|  |TAMS 0x0000000087800000, 0x0000000087800000| Untracked 
| 103|0x0000000087900000, 0x0000000087900000, 0x0000000087a00000|  0%| F|  |TAMS 0x0000000087900000, 0x0000000087900000| Untracked 
| 104|0x0000000087a00000, 0x0000000087a00000, 0x0000000087b00000|  0%| F|  |TAMS 0x0000000087a00000, 0x0000000087a00000| Untracked 
| 105|0x0000000087b00000, 0x0000000087b00000, 0x0000000087c00000|  0%| F|  |TAMS 0x0000000087b00000, 0x0000000087b00000| Untracked 
| 106|0x0000000087c00000, 0x0000000087c00000, 0x0000000087d00000|  0%| F|  |TAMS 0x0000000087c00000, 0x0000000087c00000| Untracked 
| 107|0x0000000087d00000, 0x0000000087d00000, 0x0000000087e00000|  0%| F|  |TAMS 0x0000000087d00000, 0x0000000087d00000| Untracked 
| 108|0x0000000087e00000, 0x0000000087e00000, 0x0000000087f00000|  0%| F|  |TAMS 0x0000000087e00000, 0x0000000087e00000| Untracked 
| 109|0x0000000087f00000, 0x0000000087f00000, 0x0000000088000000|  0%| F|  |TAMS 0x0000000087f00000, 0x0000000087f00000| Untracked 
| 110|0x0000000088000000, 0x0000000088000000, 0x0000000088100000|  0%| F|  |TAMS 0x0000000088000000, 0x0000000088000000| Untracked 
| 111|0x0000000088100000, 0x0000000088100000, 0x0000000088200000|  0%| F|  |TAMS 0x0000000088100000, 0x0000000088100000| Untracked 
| 112|0x0000000088200000, 0x0000000088200000, 0x0000000088300000|  0%| F|  |TAMS 0x0000000088200000, 0x0000000088200000| Untracked 
| 113|0x0000000088300000, 0x0000000088300000, 0x0000000088400000|  0%| F|  |TAMS 0x0000000088300000, 0x0000000088300000| Untracked 
| 114|0x0000000088400000, 0x0000000088400000, 0x0000000088500000|  0%| F|  |TAMS 0x0000000088400000, 0x0000000088400000| Untracked 
| 115|0x0000000088500000, 0x0000000088500000, 0x0000000088600000|  0%| F|  |TAMS 0x0000000088500000, 0x0000000088500000| Untracked 
| 116|0x0000000088600000, 0x0000000088600000, 0x0000000088700000|  0%| F|  |TAMS 0x0000000088600000, 0x0000000088600000| Untracked 
| 117|0x0000000088700000, 0x0000000088700000, 0x0000000088800000|  0%| F|  |TAMS 0x0000000088700000, 0x0000000088700000| Untracked 
| 118|0x0000000088800000, 0x0000000088800000, 0x0000000088900000|  0%| F|  |TAMS 0x0000000088800000, 0x0000000088800000| Untracked 
| 119|0x0000000088900000, 0x0000000088900000, 0x0000000088a00000|  0%| F|  |TAMS 0x0000000088900000, 0x0000000088900000| Untracked 
| 120|0x0000000088a00000, 0x0000000088a00000, 0x0000000088b00000|  0%| F|  |TAMS 0x0000000088a00000, 0x0000000088a00000| Untracked 
| 121|0x0000000088b00000, 0x0000000088b00000, 0x0000000088c00000|  0%| F|  |TAMS 0x0000000088b00000, 0x0000000088b00000| Untracked 
| 122|0x0000000088c00000, 0x0000000088c00000, 0x0000000088d00000|  0%| F|  |TAMS 0x0000000088c00000, 0x0000000088c00000| Untracked 
| 123|0x0000000088d00000, 0x0000000088d00000, 0x0000000088e00000|  0%| F|  |TAMS 0x0000000088d00000, 0x0000000088d00000| Untracked 
| 124|0x0000000088e00000, 0x0000000088e00000, 0x0000000088f00000|  0%| F|  |TAMS 0x0000000088e00000, 0x0000000088e00000| Untracked 
| 125|0x0000000088f00000, 0x0000000088f00000, 0x0000000089000000|  0%| F|  |TAMS 0x0000000088f00000, 0x0000000088f00000| Untracked 
| 126|0x0000000089000000, 0x0000000089000000, 0x0000000089100000|  0%| F|  |TAMS 0x0000000089000000, 0x0000000089000000| Untracked 
| 127|0x0000000089100000, 0x0000000089190948, 0x0000000089200000| 56%| E|  |TAMS 0x0000000089100000, 0x0000000089100000| Complete 
| 128|0x0000000089200000, 0x0000000089300000, 0x0000000089300000|100%| E|CS|TAMS 0x0000000089200000, 0x0000000089200000| Complete 
| 129|0x0000000089300000, 0x0000000089400000, 0x0000000089400000|100%| E|CS|TAMS 0x0000000089300000, 0x0000000089300000| Complete 
| 130|0x0000000089400000, 0x0000000089500000, 0x0000000089500000|100%| E|CS|TAMS 0x0000000089400000, 0x0000000089400000| Complete 
| 131|0x0000000089500000, 0x0000000089600000, 0x0000000089600000|100%| E|CS|TAMS 0x0000000089500000, 0x0000000089500000| Complete 
| 132|0x0000000089600000, 0x0000000089700000, 0x0000000089700000|100%| E|CS|TAMS 0x0000000089600000, 0x0000000089600000| Complete 
| 133|0x0000000089700000, 0x0000000089800000, 0x0000000089800000|100%| E|CS|TAMS 0x0000000089700000, 0x0000000089700000| Complete 
| 134|0x0000000089800000, 0x0000000089900000, 0x0000000089900000|100%| E|CS|TAMS 0x0000000089800000, 0x0000000089800000| Complete 
| 135|0x0000000089900000, 0x0000000089a00000, 0x0000000089a00000|100%| E|CS|TAMS 0x0000000089900000, 0x0000000089900000| Complete 
| 136|0x0000000089a00000, 0x0000000089b00000, 0x0000000089b00000|100%| E|CS|TAMS 0x0000000089a00000, 0x0000000089a00000| Complete 
| 137|0x0000000089b00000, 0x0000000089c00000, 0x0000000089c00000|100%| E|CS|TAMS 0x0000000089b00000, 0x0000000089b00000| Complete 
| 138|0x0000000089c00000, 0x0000000089d00000, 0x0000000089d00000|100%| E|CS|TAMS 0x0000000089c00000, 0x0000000089c00000| Complete 
| 139|0x0000000089d00000, 0x0000000089e00000, 0x0000000089e00000|100%| E|CS|TAMS 0x0000000089d00000, 0x0000000089d00000| Complete 
| 140|0x0000000089e00000, 0x0000000089f00000, 0x0000000089f00000|100%| E|CS|TAMS 0x0000000089e00000, 0x0000000089e00000| Complete 
| 141|0x0000000089f00000, 0x000000008a000000, 0x000000008a000000|100%| E|CS|TAMS 0x0000000089f00000, 0x0000000089f00000| Complete 
| 142|0x000000008a000000, 0x000000008a100000, 0x000000008a100000|100%| E|CS|TAMS 0x000000008a000000, 0x000000008a000000| Complete 
| 143|0x000000008a100000, 0x000000008a200000, 0x000000008a200000|100%| E|CS|TAMS 0x000000008a100000, 0x000000008a100000| Complete 
| 144|0x000000008a200000, 0x000000008a300000, 0x000000008a300000|100%| E|CS|TAMS 0x000000008a200000, 0x000000008a200000| Complete 
| 145|0x000000008a300000, 0x000000008a400000, 0x000000008a400000|100%| E|CS|TAMS 0x000000008a300000, 0x000000008a300000| Complete 
| 146|0x000000008a400000, 0x000000008a500000, 0x000000008a500000|100%| E|CS|TAMS 0x000000008a400000, 0x000000008a400000| Complete 
| 147|0x000000008a500000, 0x000000008a600000, 0x000000008a600000|100%| E|CS|TAMS 0x000000008a500000, 0x000000008a500000| Complete 
| 148|0x000000008a600000, 0x000000008a700000, 0x000000008a700000|100%| E|CS|TAMS 0x000000008a600000, 0x000000008a600000| Complete 
| 149|0x000000008a700000, 0x000000008a800000, 0x000000008a800000|100%| E|CS|TAMS 0x000000008a700000, 0x000000008a700000| Complete 
| 150|0x000000008a800000, 0x000000008a900000, 0x000000008a900000|100%| E|CS|TAMS 0x000000008a800000, 0x000000008a800000| Complete 
| 151|0x000000008a900000, 0x000000008aa00000, 0x000000008aa00000|100%| E|CS|TAMS 0x000000008a900000, 0x000000008a900000| Complete 
| 152|0x000000008aa00000, 0x000000008ab00000, 0x000000008ab00000|100%| E|CS|TAMS 0x000000008aa00000, 0x000000008aa00000| Complete 
| 153|0x000000008ab00000, 0x000000008ac00000, 0x000000008ac00000|100%| E|CS|TAMS 0x000000008ab00000, 0x000000008ab00000| Complete 

Card table byte_map: [0x00000141e9830000,0x00000141e9c30000] _byte_map_base: 0x00000141e9427000

Marking Bits (Prev, Next): (CMBitMap*) 0x00000141cfe9ded0, (CMBitMap*) 0x00000141cfe9de98
 Prev Bits: [0x00000141ebff0000, 0x00000141edfa8000)
 Next Bits: [0x00000141ea030000, 0x00000141ebfe8000)

Polling page: 0x00000141d0110000

Metaspace:

Usage:
  Non-class:     63.09 MB capacity,    62.05 MB ( 98%) used,   845.41 KB (  1%) free+waste,   226.50 KB ( <1%) overhead. 
      Class:      9.53 MB capacity,     8.87 MB ( 93%) used,   580.80 KB (  6%) free+waste,   103.00 KB (  1%) overhead. 
       Both:     72.63 MB capacity,    70.91 MB ( 98%) used,     1.39 MB (  2%) free+waste,   329.50 KB ( <1%) overhead. 

Virtual space:
  Non-class space:       64.00 MB reserved,      63.25 MB ( 99%) committed 
      Class space:        1.00 GB reserved,       9.63 MB ( <1%) committed 
             Both:        1.06 GB reserved,      72.88 MB (  7%) committed 

Chunk freelists:
   Non-Class:  4.00 KB
       Class:  3.75 KB
        Both:  7.75 KB

CodeHeap 'non-profiled nmethods': size=120064Kb used=3664Kb max_used=3664Kb free=116399Kb
 bounds [0x00000141e1ef0000, 0x00000141e2290000, 0x00000141e9430000]
CodeHeap 'profiled nmethods': size=120000Kb used=15477Kb max_used=15477Kb free=104522Kb
 bounds [0x00000141da9c0000, 0x00000141db8e0000, 0x00000141e1ef0000]
CodeHeap 'non-nmethods': size=5696Kb used=1247Kb max_used=1297Kb free=4448Kb
 bounds [0x00000141da430000, 0x00000141da6a0000, 0x00000141da9c0000]
 total_blobs=8126 nmethods=7499 adapters=537
 compilation: enabled
              stopped_count=0, restarted_count=0
 full_count=0

Compilation events (10 events):
Event: 40.231 Thread 0x00000141f0e76800 nmethod 7560 0x00000141db8c2890 code [0x00000141db8c2a60, 0x00000141db8c2ba8]
Event: 40.231 Thread 0x00000141f0e76800 7561       3       org.springframework.web.bind.annotation.RequestMethod::valueOf (10 bytes)
Event: 40.231 Thread 0x00000141f0e76800 nmethod 7561 0x00000141db8c2c90 code [0x00000141db8c2e40, 0x00000141db8c3048]
Event: 40.232 Thread 0x00000141f0e76800 7562       3       org.springframework.web.servlet.mvc.method.RequestMappingInfoHandlerMapping::getMatchingMapping (10 bytes)
Event: 40.232 Thread 0x00000141f0e76800 nmethod 7562 0x00000141db8c3110 code [0x00000141db8c32c0, 0x00000141db8c35c8]
Event: 40.232 Thread 0x00000141f0e76800 7563       3       org.springframework.web.servlet.mvc.method.RequestMappingInfoHandlerMapping::getMatchingMapping (6 bytes)
Event: 40.232 Thread 0x00000141f0e76800 nmethod 7563 0x00000141db8c3710 code [0x00000141db8c38c0, 0x00000141db8c3a08]
Event: 40.232 Thread 0x00000141f0e76800 7564       3       org.springframework.web.servlet.mvc.method.RequestMappingInfo::getMatchingCondition (182 bytes)
Event: 40.234 Thread 0x00000141f0e76800 nmethod 7564 0x00000141db8c3b10 code [0x00000141db8c3dc0, 0x00000141db8c4988]
Event: 40.235 Thread 0x00000141f0e76800 7565   !   3       org.apache.tomcat.util.http.parser.HttpParser::isNotRequestTargetRelaxed (10 bytes)

GC Heap History (10 events):
Event: 12.862 GC heap before
{Heap before GC invocations=10 (full 0):
 garbage-first heap   total 131072K, used 87067K [0x0000000081200000, 0x0000000100000000)
  region size 1024K, 76 young (77824K), 6 survivors (6144K)
 Metaspace       used 39048K, capacity 40132K, committed 40192K, reserved 1085440K
  class space    used 4616K, capacity 5068K, committed 5120K, reserved 1048576K
}
Event: 12.878 GC heap after
{Heap after GC invocations=11 (full 0):
 garbage-first heap   total 157696K, used 18284K [0x0000000081200000, 0x0000000100000000)
  region size 1024K, 7 young (7168K), 7 survivors (7168K)
 Metaspace       used 39048K, capacity 40132K, committed 40192K, reserved 1085440K
  class space    used 4616K, capacity 5068K, committed 5120K, reserved 1048576K
}
Event: 17.163 GC heap before
{Heap before GC invocations=11 (full 0):
 garbage-first heap   total 157696K, used 105324K [0x0000000081200000, 0x0000000100000000)
  region size 1024K, 92 young (94208K), 7 survivors (7168K)
 Metaspace       used 56206K, capacity 57474K, committed 57728K, reserved 1099776K
  class space    used 7037K, capacity 7537K, committed 7552K, reserved 1048576K
}
Event: 17.183 GC heap after
{Heap after GC invocations=12 (full 0):
 garbage-first heap   total 157696K, used 23628K [0x0000000081200000, 0x0000000100000000)
  region size 1024K, 8 young (8192K), 8 survivors (8192K)
 Metaspace       used 56206K, capacity 57474K, committed 57728K, reserved 1099776K
  class space    used 7037K, capacity 7537K, committed 7552K, reserved 1048576K
}
Event: 17.800 GC heap before
{Heap before GC invocations=12 (full 0):
 garbage-first heap   total 157696K, used 38988K [0x0000000081200000, 0x0000000100000000)
  region size 1024K, 24 young (24576K), 8 survivors (8192K)
 Metaspace       used 58726K, capacity 60091K, committed 60160K, reserved 1101824K
  class space    used 7362K, capacity 7919K, committed 7936K, reserved 1048576K
}
Event: 17.816 GC heap after
{Heap after GC invocations=13 (full 0):
 garbage-first heap   total 157696K, used 25131K [0x0000000081200000, 0x0000000100000000)
  region size 1024K, 7 young (7168K), 7 survivors (7168K)
 Metaspace       used 58726K, capacity 60091K, committed 60160K, reserved 1101824K
  class space    used 7362K, capacity 7919K, committed 7936K, reserved 1048576K
}
Event: 20.050 GC heap before
{Heap before GC invocations=14 (full 0):
 garbage-first heap   total 157696K, used 99883K [0x0000000081200000, 0x0000000100000000)
  region size 1024K, 80 young (81920K), 7 survivors (7168K)
 Metaspace       used 63511K, capacity 64969K, committed 65152K, reserved 1105920K
  class space    used 7938K, capacity 8542K, committed 8576K, reserved 1048576K
}
Event: 20.067 GC heap after
{Heap after GC invocations=15 (full 0):
 garbage-first heap   total 157696K, used 28249K [0x0000000081200000, 0x0000000100000000)
  region size 1024K, 5 young (5120K), 5 survivors (5120K)
 Metaspace       used 63511K, capacity 64969K, committed 65152K, reserved 1105920K
  class space    used 7938K, capacity 8542K, committed 8576K, reserved 1048576K
}
Event: 23.635 GC heap before
{Heap before GC invocations=15 (full 0):
 garbage-first heap   total 157696K, used 105049K [0x0000000081200000, 0x0000000100000000)
  region size 1024K, 80 young (81920K), 5 survivors (5120K)
 Metaspace       used 70674K, capacity 72383K, committed 72576K, reserved 1112064K
  class space    used 8875K, capacity 9551K, committed 9600K, reserved 1048576K
}
Event: 23.655 GC heap after
{Heap after GC invocations=16 (full 0):
 garbage-first heap   total 157696K, used 32966K [0x0000000081200000, 0x0000000100000000)
  region size 1024K, 10 young (10240K), 10 survivors (10240K)
 Metaspace       used 70674K, capacity 72383K, committed 72576K, reserved 1112064K
  class space    used 8875K, capacity 9551K, committed 9600K, reserved 1048576K
}

Deoptimization events (10 events):
Event: 21.533 Thread 0x00000141d1fa8800 Uncommon trap: reason=class_check action=maybe_recompile pc=0x00000141e1f6206c method=org.springframework.boot.context.properties.source.ConfigurationPropertyName$Elements.charAt(II)C @ 43 c2
Event: 21.558 Thread 0x00000141d1fa8800 Uncommon trap: reason=null_check action=make_not_entrant pc=0x00000141e202f8e0 method=org.springframework.util.ClassUtils.isAssignable(Ljava/lang/Class;Ljava/lang/Class;)Z @ 14 c2
Event: 22.004 Thread 0x00000141d1fa8800 Uncommon trap: reason=unstable_if action=reinterpret pc=0x00000141e200b144 method=java.util.HashMap.putVal(ILjava/lang/Object;Ljava/lang/Object;ZZ)Ljava/lang/Object; @ 162 c2
Event: 22.100 Thread 0x00000141d1fa8800 Uncommon trap: reason=unstable_if action=reinterpret pc=0x00000141e20fc2b0 method=java.util.HashMap.getNode(ILjava/lang/Object;)Ljava/util/HashMap$Node; @ 84 c2
Event: 22.101 Thread 0x00000141d1fa8800 Uncommon trap: reason=unstable_if action=reinterpret pc=0x00000141e201e674 method=java.util.HashMap.putVal(ILjava/lang/Object;Ljava/lang/Object;ZZ)Ljava/lang/Object; @ 109 c2
Event: 22.109 Thread 0x00000141d1fa8800 Uncommon trap: reason=unstable_if action=reinterpret pc=0x00000141e21b8270 method=org.springframework.core.annotation.AnnotationsScanner.processMethodHierarchy(Ljava/lang/Object;[ILjava/lang/Class;Lorg/springframework/core/annotation/AnnotationsProcessor;
Event: 22.240 Thread 0x00000141d1fa8800 Uncommon trap: reason=unstable_if action=reinterpret pc=0x00000141e209e2c4 method=java.util.HashMap.getNode(ILjava/lang/Object;)Ljava/util/HashMap$Node; @ 84 c2
Event: 22.336 Thread 0x00000141d1fa8800 Uncommon trap: reason=unstable_if action=reinterpret pc=0x00000141e1f8f098 method=java.util.HashMap.resize()[Ljava/util/HashMap$Node; @ 203 c2
Event: 22.554 Thread 0x00000141d1fa8800 Uncommon trap: reason=unstable_if action=reinterpret pc=0x00000141e21eff68 method=org.springframework.core.annotation.AnnotationsScanner.processClassHierarchy(Ljava/lang/Object;[ILjava/lang/Class;Lorg/springframework/core/annotation/AnnotationsProcessor;Z
Event: 23.608 Thread 0x00000141d1fa8800 Uncommon trap: reason=unstable_if action=reinterpret pc=0x00000141e2022820 method=java.util.LinkedHashMap.afterNodeInsertion(Z)V @ 18 c2

Classes redefined (0 events):
No events

Internal exceptions (10 events):
Event: 23.600 Thread 0x00000141d1fa8800 Exception <a 'java/lang/ClassNotFoundException'{0x00000000862747b0}: com/form/org/dto/BiologisteDTOBeanInfo> (0x00000000862747b0) thrown at [./open/src/hotspot/share/classfile/systemDictionary.cpp, line 228]
Event: 23.601 Thread 0x00000141d1fa8800 Exception <a 'java/lang/ClassNotFoundException'{0x000000008627eca8}: com/form/org/dto/BiologisteDTOCustomizer> (0x000000008627eca8) thrown at [./open/src/hotspot/share/classfile/systemDictionary.cpp, line 228]
Event: 23.606 Thread 0x00000141d1fa8800 Exception <a 'java/lang/ClassNotFoundException'{0x00000000862b4c60}: com/form/org/dto/DepartementDTOBeanInfo> (0x00000000862b4c60) thrown at [./open/src/hotspot/share/classfile/systemDictionary.cpp, line 228]
Event: 23.607 Thread 0x00000141d1fa8800 Exception <a 'java/lang/ClassNotFoundException'{0x00000000862bf1c8}: com/form/org/dto/DepartementDTOCustomizer> (0x00000000862bf1c8) thrown at [./open/src/hotspot/share/classfile/systemDictionary.cpp, line 228]
Event: 23.837 Thread 0x00000141d1fa8800 Exception <a 'java/lang/ClassNotFoundException'{0x000000008a55a1a0}: com/form/org/dto/PreleveurDTOBeanInfo> (0x000000008a55a1a0) thrown at [./open/src/hotspot/share/classfile/systemDictionary.cpp, line 228]
Event: 23.838 Thread 0x00000141d1fa8800 Exception <a 'java/lang/ClassNotFoundException'{0x000000008a564698}: com/form/org/dto/PreleveurDTOCustomizer> (0x000000008a564698) thrown at [./open/src/hotspot/share/classfile/systemDictionary.cpp, line 228]
Event: 23.975 Thread 0x00000141d1fa8800 Exception <a 'java/lang/ClassNotFoundException'{0x000000008a21dae0}: com/form/org/dto/ProfilDTOBeanInfo> (0x000000008a21dae0) thrown at [./open/src/hotspot/share/classfile/systemDictionary.cpp, line 228]
Event: 23.975 Thread 0x00000141d1fa8800 Exception <a 'java/lang/ClassNotFoundException'{0x000000008a227bc8}: com/form/org/dto/ProfilDTOCustomizer> (0x000000008a227bc8) thrown at [./open/src/hotspot/share/classfile/systemDictionary.cpp, line 228]
Event: 23.977 Thread 0x00000141d1fa8800 Exception <a 'java/lang/ClassNotFoundException'{0x000000008a23e638}: com/form/org/dto/UtilisateurDTOBeanInfo> (0x000000008a23e638) thrown at [./open/src/hotspot/share/classfile/systemDictionary.cpp, line 228]
Event: 23.977 Thread 0x00000141d1fa8800 Exception <a 'java/lang/ClassNotFoundException'{0x000000008a248ba0}: com/form/org/dto/UtilisateurDTOCustomizer> (0x000000008a248ba0) thrown at [./open/src/hotspot/share/classfile/systemDictionary.cpp, line 228]

Events (10 events):
Event: 40.199 Executing VM operation: RevokeBias
Event: 40.199 Executing VM operation: RevokeBias done
Event: 40.201 Executing VM operation: RevokeBias
Event: 40.201 Executing VM operation: RevokeBias done
Event: 40.201 Executing VM operation: RevokeBias
Event: 40.201 Executing VM operation: RevokeBias done
Event: 40.211 Executing VM operation: RevokeBias
Event: 40.211 Executing VM operation: RevokeBias done
Event: 40.225 Executing VM operation: RevokeBias
Event: 40.225 Executing VM operation: RevokeBias done


Dynamic libraries:
0x00007ff7d00b0000 - 0x00007ff7d00bf000 	C:\Program Files\Java\jdk-11.0.10\bin\javaw.exe
0x00007ffb94a70000 - 0x00007ffb94c65000 	C:\WINDOWS\SYSTEM32\ntdll.dll
0x00007ffb94420000 - 0x00007ffb944dd000 	C:\WINDOWS\System32\KERNEL32.DLL
0x00007ffb927b0000 - 0x00007ffb92a78000 	C:\WINDOWS\System32\KERNELBASE.dll
0x00007ffb92430000 - 0x00007ffb92530000 	C:\WINDOWS\System32\ucrtbase.dll
0x00007ffb8d750000 - 0x00007ffb8d768000 	C:\Program Files\Java\jdk-11.0.10\bin\jli.dll
0x00007ffb94210000 - 0x00007ffb942bc000 	C:\WINDOWS\System32\ADVAPI32.dll
0x00007ffb92ad0000 - 0x00007ffb92b6e000 	C:\WINDOWS\System32\msvcrt.dll
0x00007ffb93c10000 - 0x00007ffb93cab000 	C:\WINDOWS\System32\sechost.dll
0x00007ffb947e0000 - 0x00007ffb9490b000 	C:\WINDOWS\System32\RPCRT4.dll
0x00007ffb94590000 - 0x00007ffb94730000 	C:\WINDOWS\System32\USER32.dll
0x00007ffb922c0000 - 0x00007ffb922e2000 	C:\WINDOWS\System32\win32u.dll
0x00007ffb943f0000 - 0x00007ffb9441a000 	C:\WINDOWS\System32\GDI32.dll
0x00007ffb921b0000 - 0x00007ffb922bb000 	C:\WINDOWS\System32\gdi32full.dll
0x00007ffb92710000 - 0x00007ffb927ad000 	C:\WINDOWS\System32\msvcp_win.dll
0x00007ffb8a0d0000 - 0x00007ffb8a0e5000 	C:\Program Files\Java\jdk-11.0.10\bin\VCRUNTIME140.dll
0x00007ffb86e50000 - 0x00007ffb870ea000 	C:\WINDOWS\WinSxS\amd64_microsoft.windows.common-controls_6595b64144ccf1df_6.0.19041.844_none_ca00b6081b84eb1d\COMCTL32.dll
0x00007ffb8aa80000 - 0x00007ffb8aa8a000 	C:\WINDOWS\SYSTEM32\VERSION.dll
0x00007ffb93320000 - 0x00007ffb93350000 	C:\WINDOWS\System32\IMM32.DLL
0x00007ffb88780000 - 0x00007ffb8881b000 	C:\Program Files\Java\jdk-11.0.10\bin\msvcp140.dll
0x00007ffb58c80000 - 0x00007ffb5977b000 	C:\Program Files\Java\jdk-11.0.10\bin\server\jvm.dll
0x00007ffb942c0000 - 0x00007ffb942c8000 	C:\WINDOWS\System32\PSAPI.DLL
0x00007ffb8c2b0000 - 0x00007ffb8c2b9000 	C:\WINDOWS\SYSTEM32\WSOCK32.dll
0x00007ffb949c0000 - 0x00007ffb94a2b000 	C:\WINDOWS\System32\WS2_32.dll
0x00007ffb885e0000 - 0x00007ffb88607000 	C:\WINDOWS\SYSTEM32\WINMM.dll
0x00007ffb90ad0000 - 0x00007ffb90ae2000 	C:\WINDOWS\SYSTEM32\kernel.appcore.dll
0x00007ffb8bf10000 - 0x00007ffb8bf20000 	C:\Program Files\Java\jdk-11.0.10\bin\verify.dll
0x00007ffb8b210000 - 0x00007ffb8b3f4000 	C:\WINDOWS\SYSTEM32\DBGHELP.DLL
0x00007ffb8ac00000 - 0x00007ffb8ac2c000 	C:\WINDOWS\SYSTEM32\dbgcore.DLL
0x00007ffb92690000 - 0x00007ffb92710000 	C:\WINDOWS\System32\bcryptPrimitives.dll
0x00007ffb88750000 - 0x00007ffb88778000 	C:\Program Files\Java\jdk-11.0.10\bin\java.dll
0x00007ffb89d40000 - 0x00007ffb89d4a000 	C:\Program Files\Java\jdk-11.0.10\bin\jimage.dll
0x00007ffb88620000 - 0x00007ffb88636000 	C:\Program Files\Java\jdk-11.0.10\bin\zip.dll
0x00007ffb92b70000 - 0x00007ffb932b2000 	C:\WINDOWS\System32\SHELL32.dll
0x00007ffb90290000 - 0x00007ffb90a20000 	C:\WINDOWS\SYSTEM32\windows.storage.dll
0x00007ffb93cb0000 - 0x00007ffb94005000 	C:\WINDOWS\System32\combase.dll
0x00007ffb91b50000 - 0x00007ffb91b7c000 	C:\WINDOWS\SYSTEM32\Wldp.dll
0x00007ffb94910000 - 0x00007ffb949be000 	C:\WINDOWS\System32\SHCORE.dll
0x00007ffb93350000 - 0x00007ffb933a5000 	C:\WINDOWS\System32\shlwapi.dll
0x00007ffb920f0000 - 0x00007ffb9210f000 	C:\WINDOWS\SYSTEM32\profapi.dll
0x00007ffb87300000 - 0x00007ffb87319000 	C:\Program Files\Java\jdk-11.0.10\bin\net.dll
0x00007ffb88eb0000 - 0x00007ffb88fbb000 	C:\WINDOWS\SYSTEM32\WINHTTP.dll
0x00007ffb918c0000 - 0x00007ffb9192a000 	C:\WINDOWS\system32\mswsock.dll
0x00007ffb7ca30000 - 0x00007ffb7ca42000 	C:\Program Files\Java\jdk-11.0.10\bin\nio.dll
0x00007ffb88610000 - 0x00007ffb88619000 	C:\Program Files\Java\jdk-11.0.10\bin\management.dll
0x00007ffb87120000 - 0x00007ffb8712b000 	C:\Program Files\Java\jdk-11.0.10\bin\management_ext.dll
0x00007ffb8d2d0000 - 0x00007ffb8d2e7000 	C:\WINDOWS\system32\napinsp.dll
0x00007ffb8d300000 - 0x00007ffb8d31b000 	C:\WINDOWS\system32\pnrpnsp.dll
0x00007ffb8bd50000 - 0x00007ffb8bd65000 	C:\WINDOWS\system32\wshbth.dll
0x00007ffb8c4f0000 - 0x00007ffb8c50d000 	C:\WINDOWS\system32\NLAapi.dll
0x00007ffb915b0000 - 0x00007ffb915eb000 	C:\WINDOWS\SYSTEM32\IPHLPAPI.DLL
0x00007ffb915f0000 - 0x00007ffb916bc000 	C:\WINDOWS\SYSTEM32\DNSAPI.dll
0x00007ffb944e0000 - 0x00007ffb944e8000 	C:\WINDOWS\System32\NSI.dll
0x00007ffb8d320000 - 0x00007ffb8d332000 	C:\WINDOWS\System32\winrnr.dll
0x00007ffb88ba0000 - 0x00007ffb88baa000 	C:\Windows\System32\rasadhlp.dll
0x00007ffb88890000 - 0x00007ffb8890f000 	C:\WINDOWS\System32\fwpuclnt.dll
0x00007ffb922f0000 - 0x00007ffb92317000 	C:\WINDOWS\System32\bcrypt.dll
0x00007ffb91a90000 - 0x00007ffb91aa8000 	C:\WINDOWS\SYSTEM32\CRYPTSP.dll
0x00007ffb91260000 - 0x00007ffb91294000 	C:\WINDOWS\system32\rsaenh.dll
0x00007ffb920b0000 - 0x00007ffb920de000 	C:\WINDOWS\SYSTEM32\USERENV.dll
0x00007ffb91ab0000 - 0x00007ffb91abc000 	C:\WINDOWS\SYSTEM32\CRYPTBASE.dll
0x00007ffb8a6f0000 - 0x00007ffb8a707000 	C:\WINDOWS\SYSTEM32\dhcpcsvc6.DLL
0x00007ffb8a8c0000 - 0x00007ffb8a8dd000 	C:\WINDOWS\SYSTEM32\dhcpcsvc.DLL
0x00007ffb7ae60000 - 0x00007ffb7ae85000 	C:\Program Files\Java\jdk-11.0.10\bin\sunec.dll
0x00007ffb86d60000 - 0x00007ffb86d6d000 	C:\Program Files\Java\jdk-11.0.10\bin\sunmscapi.dll
0x00007ffb92530000 - 0x00007ffb9268f000 	C:\WINDOWS\System32\CRYPT32.dll
0x00007ffb91bc0000 - 0x00007ffb91be7000 	C:\WINDOWS\SYSTEM32\ncrypt.dll
0x00007ffb91b80000 - 0x00007ffb91bbb000 	C:\WINDOWS\SYSTEM32\NTASN1.dll

dbghelp: loaded successfully - version: 4.0.5 - missing functions: none
symbol engine: initialized successfully - sym options: 0x614 - pdb path: .;C:\Program Files\Java\jdk-11.0.10\bin;C:\WINDOWS\SYSTEM32;C:\WINDOWS\WinSxS\amd64_microsoft.windows.common-controls_6595b64144ccf1df_6.0.19041.844_none_ca00b6081b84eb1d;C:\Program Files\Java\jdk-11.0.10\bin\server

VM Arguments:
jvm_args: -Dfile.encoding=UTF-8 
java_command: com.form.org.SpringProjetApplication
java_class_path (initial): C:\Users\TOSHIBA\eclipse-workspace\TestCOVID 2\target\classes;C:\Users\TOSHIBA\.m2\repository\org\springframework\boot\spring-boot-starter-data-jpa\2.4.4\spring-boot-starter-data-jpa-2.4.4.jar;C:\Users\TOSHIBA\.m2\repository\org\springframework\boot\spring-boot-starter-aop\2.4.4\spring-boot-starter-aop-2.4.4.jar;C:\Users\TOSHIBA\.m2\repository\org\aspectj\aspectjweaver\1.9.6\aspectjweaver-1.9.6.jar;C:\Users\TOSHIBA\.m2\repository\org\springframework\boot\spring-boot-starter-jdbc\2.4.4\spring-boot-starter-jdbc-2.4.4.jar;C:\Users\TOSHIBA\.m2\repository\com\zaxxer\HikariCP\3.4.5\HikariCP-3.4.5.jar;C:\Users\TOSHIBA\.m2\repository\org\springframework\spring-jdbc\5.3.5\spring-jdbc-5.3.5.jar;C:\Users\TOSHIBA\.m2\repository\jakarta\transaction\jakarta.transaction-api\1.3.3\jakarta.transaction-api-1.3.3.jar;C:\Users\TOSHIBA\.m2\repository\jakarta\persistence\jakarta.persistence-api\2.2.3\jakarta.persistence-api-2.2.3.jar;C:\Users\TOSHIBA\.m2\repository\org\hibernate\hibernate-core\5.4.29.Final\hibernate-core-5.4.29.Final.jar;C:\Users\TOSHIBA\.m2\repository\org\jboss\logging\jboss-logging\3.4.1.Final\jboss-logging-3.4.1.Final.jar;C:\Users\TOSHIBA\.m2\repository\org\javassist\javassist\3.27.0-GA\javassist-3.27.0-GA.jar;C:\Users\TOSHIBA\.m2\repository\net\bytebuddy\byte-buddy\1.10.22\byte-buddy-1.10.22.jar;C:\Users\TOSHIBA\.m2\repository\antlr\antlr\2.7.7\antlr-2.7.7.jar;C:\Users\TOSHIBA\.m2\repository\org\jboss\jandex\2.2.3.Final\jandex-2.2.3.Final.jar;C:\Users\TOSHIBA\.m2\repository\org\dom4j\dom4j\2.1.3\dom4j-2.1.3.jar;C:\Users\TOSHIBA\.m2\repository\org\hibernate\common\hibernate-commons-annotations\5.1.2.Final\hibernate-commons-annotations-5.1.2.Final.jar;C:\Users\TOSHIBA\.m2\repository\org\glassfish\jaxb\jaxb-runtime\2.3.3\jaxb-runtime-2.3.3.jar;C:\Users\TOSHIBA\.m2\repository\org\glassfish\jaxb\txw2\2.3.3\txw2-2.3.3.jar;C:\Users\TOSHIBA\.m2\repository\com\sun\istack\istack-commons-runtime\3.0.11\istack-commons-runtime-3.0.11.jar;C:\Users\TOSH
Launcher Type: SUN_STANDARD

[Global flags]
     intx CICompilerCount                          = 3                                         {product} {ergonomic}
     uint ConcGCThreads                            = 1                                         {product} {ergonomic}
     uint G1ConcRefinementThreads                  = 4                                         {product} {ergonomic}
   size_t G1HeapRegionSize                         = 1048576                                   {product} {ergonomic}
    uintx GCDrainStackTargetSize                   = 64                                        {product} {ergonomic}
   size_t InitialHeapSize                          = 134217728                                 {product} {ergonomic}
   size_t MarkStackSize                            = 4194304                                   {product} {ergonomic}
   size_t MaxHeapSize                              = 2128609280                                {product} {ergonomic}
   size_t MaxNewSize                               = 1277165568                                {product} {ergonomic}
   size_t MinHeapDeltaBytes                        = 1048576                                   {product} {ergonomic}
    uintx NonNMethodCodeHeapSize                   = 5830732                                {pd product} {ergonomic}
    uintx NonProfiledCodeHeapSize                  = 122913754                              {pd product} {ergonomic}
    uintx ProfiledCodeHeapSize                     = 122913754                              {pd product} {ergonomic}
    uintx ReservedCodeCacheSize                    = 251658240                              {pd product} {ergonomic}
     bool SegmentedCodeCache                       = true                                      {product} {ergonomic}
     bool UseCompressedClassPointers               = true                                 {lp64_product} {ergonomic}
     bool UseCompressedOops                        = true                                 {lp64_product} {ergonomic}
     bool UseG1GC                                  = true                                      {product} {ergonomic}
     bool UseLargePagesIndividualAllocation        = false                                  {pd product} {ergonomic}

Logging:
Log output configuration:
 #0: stdout all=warning uptime,level,tags
 #1: stderr all=off uptime,level,tags

Environment Variables:
CLASSPATH=%CLASSPATH%JUNIT_HOME%\JUNIT5.jar;JUNIT_HOME%\JUNIT5.jar;JUNIT_HOME%\JUNIT5.jar;
PATH=C:\Program Files\Common Files\Oracle\Java\javapath;C:\ProgramData\Oracle\Java\javapath;C:\WINDOWS\system32;C:\WINDOWS;C:\WINDOWS\System32\Wbem;C:\WINDOWS\System32\WindowsPowerShell\v1.0\;C:\WINDOWS\System32\OpenSSH\;C:\Program Files\Java\jdk-15\bin;C:\Program Files\Java\jre1.8.0_261\bin;C:\Program Files\Microsoft VS Code\bin;C:\Program Files (x86)\Microsoft SQL Server\150\DTS\Binn\;C:\Program Files\Azure Data Studio\bin;c:\Program Files (x86)\Microsoft SQL Server\110\Tools\Binn\;c:\Program Files (x86)\Microsoft SQL Server\110\DTS\Binn\;C:\Program Files\nodejs\;C:\Program Files\Git\cmd;C:\Users\TOSHIBA\AppData\Local\Microsoft\WindowsApps;;C:\Program Files\Azure Data Studio\bin;C:\Users\TOSHIBA\AppData\Local\Programs\Microsoft VS Code\bin;C:\Users\TOSHIBA\AppData\Roaming\npm
USERNAME=TOSHIBA
OS=Windows_NT
PROCESSOR_IDENTIFIER=Intel64 Family 6 Model 78 Stepping 3, GenuineIntel



---------------  S Y S T E M  ---------------

OS: Windows 10 , 64 bit Build 19041 (10.0.19041.928)

CPU:total 4 (initial active 4) (2 cores per cpu, 2 threads per core) family 6 model 78 stepping 3 microcode 0xd6, cmov, cx8, fxsr, mmx, sse, sse2, sse3, ssse3, sse4.1, sse4.2, popcnt, avx, avx2, aes, clmul, erms, 3dnowpref, lzcnt, ht, tsc, tscinvbit, bmi1, bmi2, adx, fma

Memory: 4k page, system-wide physical 8113M (304M free)
TotalPageFile size 23295M (AvailPageFile size 10M)
current process WorkingSet (physical memory assigned to process): 314M, peak: 329M
current process commit charge ("private bytes"): 370M, peak: 382M

vm_info: Java HotSpot(TM) 64-Bit Server VM (11.0.10+8-LTS-162) for windows-amd64 JRE (11.0.10+8-LTS-162), built on Dec  8 2020 16:32:57 by "mach5one" with MS VC++ 15.9 (VS2017)

END.
